\BOOKMARK [0][-]{chapter.1}{\376\377\0001\000\040\000N\000a\000m\000e\000s\000p\000a\000c\000e\000\040\000I\000n\000d\000e\000x}{}% 1
\BOOKMARK [1][-]{section.1.1}{\376\377\0001\000.\0001\000\040\000N\000a\000m\000e\000s\000p\000a\000c\000e\000\040\000L\000i\000s\000t}{chapter.1}% 2
\BOOKMARK [0][-]{chapter.2}{\376\377\0002\000\040\000C\000l\000a\000s\000s\000\040\000I\000n\000d\000e\000x}{}% 3
\BOOKMARK [1][-]{section.2.1}{\376\377\0002\000.\0001\000\040\000C\000l\000a\000s\000s\000\040\000L\000i\000s\000t}{chapter.2}% 4
\BOOKMARK [0][-]{chapter.3}{\376\377\0003\000\040\000N\000a\000m\000e\000s\000p\000a\000c\000e\000\040\000D\000o\000c\000u\000m\000e\000n\000t\000a\000t\000i\000o\000n}{}% 5
\BOOKMARK [1][-]{section.3.1}{\376\377\0003\000.\0001\000\040\000R\000e\000t\000r\000o\000a\000c\000t\000i\000v\000i\000t\000y\000\040\000N\000a\000m\000e\000s\000p\000a\000c\000e\000\040\000R\000e\000f\000e\000r\000e\000n\000c\000e}{chapter.3}% 6
\BOOKMARK [2][-]{subsection.3.1.1}{\376\377\0003\000.\0001\000.\0001\000\040\000D\000e\000t\000a\000i\000l\000e\000d\000\040\000D\000e\000s\000c\000r\000i\000p\000t\000i\000o\000n}{section.3.1}% 7
\BOOKMARK [0][-]{chapter.4}{\376\377\0004\000\040\000C\000l\000a\000s\000s\000\040\000D\000o\000c\000u\000m\000e\000n\000t\000a\000t\000i\000o\000n}{}% 8
\BOOKMARK [1][-]{section.4.1}{\376\377\0004\000.\0001\000\040\000R\000e\000t\000r\000o\000a\000c\000t\000i\000v\000i\000t\000y\000:\000:\000F\000u\000l\000l\000P\000r\000i\000o\000r\000i\000t\000y\000Q\000u\000e\000u\000e\000<\000\040\000T\000\040\000>\000\040\000C\000l\000a\000s\000s\000\040\000T\000e\000m\000p\000l\000a\000t\000e\000\040\000R\000e\000f\000e\000r\000e\000n\000c\000e}{chapter.4}% 9
\BOOKMARK [2][-]{subsection.4.1.1}{\376\377\0004\000.\0001\000.\0001\000\040\000D\000e\000t\000a\000i\000l\000e\000d\000\040\000D\000e\000s\000c\000r\000i\000p\000t\000i\000o\000n}{section.4.1}% 10
\BOOKMARK [2][-]{subsection.4.1.2}{\376\377\0004\000.\0001\000.\0002\000\040\000M\000e\000m\000b\000e\000r\000\040\000F\000u\000n\000c\000t\000i\000o\000n\000\040\000D\000o\000c\000u\000m\000e\000n\000t\000a\000t\000i\000o\000n}{section.4.1}% 11
\BOOKMARK [3][-]{subsubsection.4.1.2.1}{\376\377\0004\000.\0001\000.\0002\000.\0001\000\040\000e\000m\000p\000t\000y\000\050\000\051}{subsection.4.1.2}% 12
\BOOKMARK [3][-]{subsubsection.4.1.2.2}{\376\377\0004\000.\0001\000.\0002\000.\0002\000\040\000g\000e\000t\000P\000e\000a\000k\000\050\000\051}{subsection.4.1.2}% 13
\BOOKMARK [3][-]{subsubsection.4.1.2.3}{\376\377\0004\000.\0001\000.\0002\000.\0003\000\040\000i\000n\000s\000e\000r\000t\000P\000o\000p\000\050\000\051}{subsection.4.1.2}% 14
\BOOKMARK [3][-]{subsubsection.4.1.2.4}{\376\377\0004\000.\0001\000.\0002\000.\0004\000\040\000i\000n\000s\000e\000r\000t\000P\000u\000s\000h\000\050\000\051}{subsection.4.1.2}% 15
\BOOKMARK [3][-]{subsubsection.4.1.2.5}{\376\377\0004\000.\0001\000.\0002\000.\0005\000\040\000r\000e\000m\000o\000v\000e\000P\000o\000p\000\050\000\051}{subsection.4.1.2}% 16
\BOOKMARK [3][-]{subsubsection.4.1.2.6}{\376\377\0004\000.\0001\000.\0002\000.\0006\000\040\000r\000e\000m\000o\000v\000e\000P\000u\000s\000h\000\050\000\051}{subsection.4.1.2}% 17
\BOOKMARK [1][-]{section.4.2}{\376\377\0004\000.\0002\000\040\000B\000r\000u\000t\000e\000:\000:\000F\000u\000l\000l\000P\000r\000i\000o\000r\000i\000t\000y\000Q\000u\000e\000u\000e\000<\000\040\000T\000\040\000>\000\040\000C\000l\000a\000s\000s\000\040\000T\000e\000m\000p\000l\000a\000t\000e\000\040\000R\000e\000f\000e\000r\000e\000n\000c\000e}{chapter.4}% 18
\BOOKMARK [1][-]{section.4.3}{\376\377\0004\000.\0003\000\040\000R\000e\000t\000r\000o\000a\000c\000t\000i\000v\000i\000t\000y\000:\000:\000F\000u\000l\000l\000Q\000u\000e\000u\000e\000<\000\040\000T\000\040\000>\000\040\000C\000l\000a\000s\000s\000\040\000T\000e\000m\000p\000l\000a\000t\000e\000\040\000R\000e\000f\000e\000r\000e\000n\000c\000e}{chapter.4}% 19
\BOOKMARK [2][-]{subsection.4.3.1}{\376\377\0004\000.\0003\000.\0001\000\040\000D\000e\000t\000a\000i\000l\000e\000d\000\040\000D\000e\000s\000c\000r\000i\000p\000t\000i\000o\000n}{section.4.3}% 20
\BOOKMARK [2][-]{subsection.4.3.2}{\376\377\0004\000.\0003\000.\0002\000\040\000M\000e\000m\000b\000e\000r\000\040\000F\000u\000n\000c\000t\000i\000o\000n\000\040\000D\000o\000c\000u\000m\000e\000n\000t\000a\000t\000i\000o\000n}{section.4.3}% 21
\BOOKMARK [3][-]{subsubsection.4.3.2.1}{\376\377\0004\000.\0003\000.\0002\000.\0001\000\040\000D\000e\000l\000e\000t\000e\000D\000e\000q\000u\000e\000u\000e\000\050\000\051}{subsection.4.3.2}% 22
\BOOKMARK [3][-]{subsubsection.4.3.2.2}{\376\377\0004\000.\0003\000.\0002\000.\0002\000\040\000D\000e\000l\000e\000t\000e\000E\000n\000q\000u\000e\000u\000e\000\050\000\051}{subsection.4.3.2}% 23
\BOOKMARK [3][-]{subsubsection.4.3.2.3}{\376\377\0004\000.\0003\000.\0002\000.\0003\000\040\000f\000r\000o\000n\000t\000\050\000\051}{subsection.4.3.2}% 24
\BOOKMARK [3][-]{subsubsection.4.3.2.4}{\376\377\0004\000.\0003\000.\0002\000.\0004\000\040\000g\000e\000t\000K\000t\000h\000\050\000\051}{subsection.4.3.2}% 25
\BOOKMARK [3][-]{subsubsection.4.3.2.5}{\376\377\0004\000.\0003\000.\0002\000.\0005\000\040\000I\000n\000s\000e\000r\000t\000D\000e\000q\000u\000e\000u\000e\000\050\000\051}{subsection.4.3.2}% 26
\BOOKMARK [3][-]{subsubsection.4.3.2.6}{\376\377\0004\000.\0003\000.\0002\000.\0006\000\040\000I\000n\000s\000e\000r\000t\000E\000n\000q\000u\000e\000u\000e\000\050\000\051}{subsection.4.3.2}% 27
\BOOKMARK [1][-]{section.4.4}{\376\377\0004\000.\0004\000\040\000B\000r\000u\000t\000e\000:\000:\000F\000u\000l\000l\000Q\000u\000e\000u\000e\000<\000\040\000T\000\040\000>\000\040\000C\000l\000a\000s\000s\000\040\000T\000e\000m\000p\000l\000a\000t\000e\000\040\000R\000e\000f\000e\000r\000e\000n\000c\000e}{chapter.4}% 28
\BOOKMARK [1][-]{section.4.5}{\376\377\0004\000.\0005\000\040\000R\000e\000t\000r\000o\000a\000c\000t\000i\000v\000i\000t\000y\000:\000:\000F\000u\000l\000l\000S\000t\000a\000c\000k\000<\000\040\000T\000\040\000>\000\040\000C\000l\000a\000s\000s\000\040\000T\000e\000m\000p\000l\000a\000t\000e\000\040\000R\000e\000f\000e\000r\000e\000n\000c\000e}{chapter.4}% 29
\BOOKMARK [2][-]{subsection.4.5.1}{\376\377\0004\000.\0005\000.\0001\000\040\000D\000e\000t\000a\000i\000l\000e\000d\000\040\000D\000e\000s\000c\000r\000i\000p\000t\000i\000o\000n}{section.4.5}% 30
\BOOKMARK [2][-]{subsection.4.5.2}{\376\377\0004\000.\0005\000.\0002\000\040\000M\000e\000m\000b\000e\000r\000\040\000F\000u\000n\000c\000t\000i\000o\000n\000\040\000D\000o\000c\000u\000m\000e\000n\000t\000a\000t\000i\000o\000n}{section.4.5}% 31
\BOOKMARK [3][-]{subsubsection.4.5.2.1}{\376\377\0004\000.\0005\000.\0002\000.\0001\000\040\000D\000e\000l\000e\000t\000e\000P\000o\000p\000\050\000\051}{subsection.4.5.2}% 32
\BOOKMARK [3][-]{subsubsection.4.5.2.2}{\376\377\0004\000.\0005\000.\0002\000.\0002\000\040\000D\000e\000l\000e\000t\000e\000P\000u\000s\000h\000\050\000\051}{subsection.4.5.2}% 33
\BOOKMARK [3][-]{subsubsection.4.5.2.3}{\376\377\0004\000.\0005\000.\0002\000.\0003\000\040\000g\000e\000t\000S\000i\000z\000e\000\050\000\051}{subsection.4.5.2}% 34
\BOOKMARK [3][-]{subsubsection.4.5.2.4}{\376\377\0004\000.\0005\000.\0002\000.\0004\000\040\000I\000n\000s\000e\000r\000t\000P\000o\000p\000\050\000\051}{subsection.4.5.2}% 35
\BOOKMARK [3][-]{subsubsection.4.5.2.5}{\376\377\0004\000.\0005\000.\0002\000.\0005\000\040\000I\000n\000s\000e\000r\000t\000P\000u\000s\000h\000\050\000\051}{subsection.4.5.2}% 36
\BOOKMARK [3][-]{subsubsection.4.5.2.6}{\376\377\0004\000.\0005\000.\0002\000.\0006\000\040\000p\000e\000a\000k\000\050\000\051}{subsection.4.5.2}% 37
\BOOKMARK [1][-]{section.4.6}{\376\377\0004\000.\0006\000\040\000B\000r\000u\000t\000e\000:\000:\000F\000u\000l\000l\000S\000t\000a\000c\000k\000<\000\040\000T\000\040\000>\000\040\000C\000l\000a\000s\000s\000\040\000T\000e\000m\000p\000l\000a\000t\000e\000\040\000R\000e\000f\000e\000r\000e\000n\000c\000e}{chapter.4}% 38
\BOOKMARK [1][-]{section.4.7}{\376\377\0004\000.\0007\000\040\000I\000n\000t\000e\000r\000v\000a\000l\000T\000r\000e\000e\000S\000u\000m\000<\000\040\000T\000\040\000>\000\040\000C\000l\000a\000s\000s\000\040\000T\000e\000m\000p\000l\000a\000t\000e\000\040\000R\000e\000f\000e\000r\000e\000n\000c\000e}{chapter.4}% 39
\BOOKMARK [1][-]{section.4.8}{\376\377\0004\000.\0008\000\040\000R\000e\000t\000r\000o\000a\000c\000t\000i\000v\000i\000t\000y\000:\000:\000P\000o\000l\000y\000l\000o\000g\000a\000r\000i\000t\000h\000m\000P\000r\000i\000o\000r\000i\000t\000y\000Q\000u\000e\000u\000e\000<\000\040\000T\000\040\000>\000:\000:\000N\000o\000d\000e\000<\000\040\000T\000\040\000>\000\040\000C\000l\000a\000s\000s\000\040\000T\000e\000m\000p\000l\000a\000t\000e\000\040\000R\000e\000f\000e\000r\000e\000n\000c\000e}{chapter.4}% 40
\BOOKMARK [1][-]{section.4.9}{\376\377\0004\000.\0009\000\040\000R\000e\000t\000r\000o\000a\000c\000t\000i\000v\000i\000t\000y\000:\000:\000N\000o\000n\000O\000b\000l\000i\000v\000i\000o\000u\000s\000P\000r\000i\000o\000r\000i\000t\000y\000Q\000u\000e\000u\000e\000<\000\040\000T\000\040\000>\000\040\000C\000l\000a\000s\000s\000\040\000T\000e\000m\000p\000l\000a\000t\000e\000\040\000R\000e\000f\000e\000r\000e\000n\000c\000e}{chapter.4}% 41
\BOOKMARK [2][-]{subsection.4.9.1}{\376\377\0004\000.\0009\000.\0001\000\040\000D\000e\000t\000a\000i\000l\000e\000d\000\040\000D\000e\000s\000c\000r\000i\000p\000t\000i\000o\000n}{section.4.9}% 42
\BOOKMARK [2][-]{subsection.4.9.2}{\376\377\0004\000.\0009\000.\0002\000\040\000M\000e\000m\000b\000e\000r\000\040\000F\000u\000n\000c\000t\000i\000o\000n\000\040\000D\000o\000c\000u\000m\000e\000n\000t\000a\000t\000i\000o\000n}{section.4.9}% 43
\BOOKMARK [3][-]{subsubsection.4.9.2.1}{\376\377\0004\000.\0009\000.\0002\000.\0001\000\040\000D\000e\000l\000e\000t\000e\000P\000o\000p\000\050\000\051}{subsection.4.9.2}% 44
\BOOKMARK [3][-]{subsubsection.4.9.2.2}{\376\377\0004\000.\0009\000.\0002\000.\0002\000\040\000D\000e\000l\000e\000t\000e\000P\000u\000s\000h\000\050\000\051}{subsection.4.9.2}% 45
\BOOKMARK [3][-]{subsubsection.4.9.2.3}{\376\377\0004\000.\0009\000.\0002\000.\0003\000\040\000f\000i\000x\000O\000p\000e\000r\000a\000t\000i\000o\000n\000\050\000\051}{subsection.4.9.2}% 46
\BOOKMARK [3][-]{subsubsection.4.9.2.4}{\376\377\0004\000.\0009\000.\0002\000.\0004\000\040\000I\000n\000s\000e\000r\000t\000P\000o\000p\000\050\000\051}{subsection.4.9.2}% 47
\BOOKMARK [3][-]{subsubsection.4.9.2.5}{\376\377\0004\000.\0009\000.\0002\000.\0005\000\040\000I\000n\000s\000e\000r\000t\000P\000u\000s\000h\000\050\000\051}{subsection.4.9.2}% 48
\BOOKMARK [3][-]{subsubsection.4.9.2.6}{\376\377\0004\000.\0009\000.\0002\000.\0006\000\040\000P\000e\000a\000k\000\050\000\051}{subsection.4.9.2}% 49
\BOOKMARK [1][-]{section.4.10}{\376\377\0004\000.\0001\0000\000\040\000R\000e\000t\000r\000o\000a\000c\000t\000i\000v\000i\000t\000y\000:\000:\000N\000o\000n\000O\000b\000l\000i\000v\000i\000o\000u\000s\000Q\000u\000e\000u\000e\000<\000\040\000T\000\040\000>\000\040\000C\000l\000a\000s\000s\000\040\000T\000e\000m\000p\000l\000a\000t\000e\000\040\000R\000e\000f\000e\000r\000e\000n\000c\000e}{chapter.4}% 50
\BOOKMARK [2][-]{subsection.4.10.1}{\376\377\0004\000.\0001\0000\000.\0001\000\040\000D\000e\000t\000a\000i\000l\000e\000d\000\040\000D\000e\000s\000c\000r\000i\000p\000t\000i\000o\000n}{section.4.10}% 51
\BOOKMARK [2][-]{subsection.4.10.2}{\376\377\0004\000.\0001\0000\000.\0002\000\040\000M\000e\000m\000b\000e\000r\000\040\000F\000u\000n\000c\000t\000i\000o\000n\000\040\000D\000o\000c\000u\000m\000e\000n\000t\000a\000t\000i\000o\000n}{section.4.10}% 52
\BOOKMARK [3][-]{subsubsection.4.10.2.1}{\376\377\0004\000.\0001\0000\000.\0002\000.\0001\000\040\000D\000e\000l\000e\000t\000e\000D\000e\000q\000u\000e\000u\000e\000\050\000\051}{subsection.4.10.2}% 53
\BOOKMARK [3][-]{subsubsection.4.10.2.2}{\376\377\0004\000.\0001\0000\000.\0002\000.\0002\000\040\000D\000e\000l\000e\000t\000e\000E\000n\000q\000u\000e\000u\000e\000\050\000\051}{subsection.4.10.2}% 54
\BOOKMARK [3][-]{subsubsection.4.10.2.3}{\376\377\0004\000.\0001\0000\000.\0002\000.\0003\000\040\000f\000i\000x\000D\000e\000q\000u\000e\000u\000e\000O\000p\000e\000r\000a\000t\000i\000o\000n\000\050\000\051}{subsection.4.10.2}% 55
\BOOKMARK [3][-]{subsubsection.4.10.2.4}{\376\377\0004\000.\0001\0000\000.\0002\000.\0004\000\040\000F\000r\000o\000n\000t\000\050\000\051}{subsection.4.10.2}% 56
\BOOKMARK [3][-]{subsubsection.4.10.2.5}{\376\377\0004\000.\0001\0000\000.\0002\000.\0005\000\040\000I\000n\000s\000e\000r\000t\000D\000e\000q\000u\000e\000u\000e\000\050\000\051}{subsection.4.10.2}% 57
\BOOKMARK [3][-]{subsubsection.4.10.2.6}{\376\377\0004\000.\0001\0000\000.\0002\000.\0006\000\040\000I\000n\000s\000e\000r\000t\000E\000n\000q\000u\000e\000u\000e\000\050\000\051}{subsection.4.10.2}% 58
\BOOKMARK [3][-]{subsubsection.4.10.2.7}{\376\377\0004\000.\0001\0000\000.\0002\000.\0007\000\040\000s\000h\000o\000w\000T\000d\000\050\000\051}{subsection.4.10.2}% 59
\BOOKMARK [3][-]{subsubsection.4.10.2.8}{\376\377\0004\000.\0001\0000\000.\0002\000.\0008\000\040\000s\000h\000o\000w\000T\000e\000\050\000\051}{subsection.4.10.2}% 60
\BOOKMARK [1][-]{section.4.11}{\376\377\0004\000.\0001\0001\000\040\000R\000e\000t\000r\000o\000a\000c\000t\000i\000v\000i\000t\000y\000:\000:\000N\000o\000n\000O\000b\000l\000i\000v\000i\000o\000u\000s\000S\000t\000a\000c\000k\000<\000\040\000T\000\040\000>\000\040\000C\000l\000a\000s\000s\000\040\000T\000e\000m\000p\000l\000a\000t\000e\000\040\000R\000e\000f\000e\000r\000e\000n\000c\000e}{chapter.4}% 61
\BOOKMARK [2][-]{subsection.4.11.1}{\376\377\0004\000.\0001\0001\000.\0001\000\040\000D\000e\000t\000a\000i\000l\000e\000d\000\040\000D\000e\000s\000c\000r\000i\000p\000t\000i\000o\000n}{section.4.11}% 62
\BOOKMARK [2][-]{subsection.4.11.2}{\376\377\0004\000.\0001\0001\000.\0002\000\040\000M\000e\000m\000b\000e\000r\000\040\000F\000u\000n\000c\000t\000i\000o\000n\000\040\000D\000o\000c\000u\000m\000e\000n\000t\000a\000t\000i\000o\000n}{section.4.11}% 63
\BOOKMARK [3][-]{subsubsection.4.11.2.1}{\376\377\0004\000.\0001\0001\000.\0002\000.\0001\000\040\000D\000e\000l\000e\000t\000e\000P\000o\000p\000\050\000\051}{subsection.4.11.2}% 64
\BOOKMARK [3][-]{subsubsection.4.11.2.2}{\376\377\0004\000.\0001\0001\000.\0002\000.\0002\000\040\000D\000e\000l\000e\000t\000e\000P\000u\000s\000h\000\050\000\051}{subsection.4.11.2}% 65
\BOOKMARK [3][-]{subsubsection.4.11.2.3}{\376\377\0004\000.\0001\0001\000.\0002\000.\0003\000\040\000f\000i\000x\000P\000o\000p\000O\000p\000e\000r\000a\000t\000i\000o\000n\000\050\000\051}{subsection.4.11.2}% 66
\BOOKMARK [3][-]{subsubsection.4.11.2.4}{\376\377\0004\000.\0001\0001\000.\0002\000.\0004\000\040\000I\000n\000s\000e\000r\000t\000P\000o\000p\000\050\000\051}{subsection.4.11.2}% 67
\BOOKMARK [3][-]{subsubsection.4.11.2.5}{\376\377\0004\000.\0001\0001\000.\0002\000.\0005\000\040\000I\000n\000s\000e\000r\000t\000P\000u\000s\000h\000\050\000\051}{subsection.4.11.2}% 68
\BOOKMARK [3][-]{subsubsection.4.11.2.6}{\376\377\0004\000.\0001\0001\000.\0002\000.\0006\000\040\000s\000h\000o\000w\000t\000p\000o\000p\000\050\000\051}{subsection.4.11.2}% 69
\BOOKMARK [3][-]{subsubsection.4.11.2.7}{\376\377\0004\000.\0001\0001\000.\0002\000.\0007\000\040\000s\000h\000o\000w\000t\000p\000u\000s\000h\000\050\000\051}{subsection.4.11.2}% 70
\BOOKMARK [1][-]{section.4.12}{\376\377\0004\000.\0001\0002\000\040\000R\000e\000t\000r\000o\000a\000c\000t\000i\000v\000i\000t\000y\000:\000:\000F\000u\000l\000l\000P\000r\000i\000o\000r\000i\000t\000y\000Q\000u\000e\000u\000e\000<\000\040\000T\000\040\000>\000:\000:\000O\000p\000e\000r\000a\000t\000i\000o\000n\000<\000\040\000T\000\040\000>\000\040\000C\000l\000a\000s\000s\000\040\000T\000e\000m\000p\000l\000a\000t\000e\000\040\000R\000e\000f\000e\000r\000e\000n\000c\000e}{chapter.4}% 71
\BOOKMARK [2][-]{subsection.4.12.1}{\376\377\0004\000.\0001\0002\000.\0001\000\040\000D\000e\000t\000a\000i\000l\000e\000d\000\040\000D\000e\000s\000c\000r\000i\000p\000t\000i\000o\000n}{section.4.12}% 72
\BOOKMARK [1][-]{section.4.13}{\376\377\0004\000.\0001\0003\000\040\000B\000r\000u\000t\000e\000:\000:\000P\000a\000r\000t\000i\000a\000l\000P\000r\000i\000o\000r\000i\000t\000y\000Q\000u\000e\000u\000e\000<\000\040\000T\000\040\000>\000\040\000C\000l\000a\000s\000s\000\040\000T\000e\000m\000p\000l\000a\000t\000e\000\040\000R\000e\000f\000e\000r\000e\000n\000c\000e}{chapter.4}% 73
\BOOKMARK [1][-]{section.4.14}{\376\377\0004\000.\0001\0004\000\040\000R\000e\000t\000r\000o\000a\000c\000t\000i\000v\000i\000t\000y\000:\000:\000P\000a\000r\000t\000i\000a\000l\000P\000r\000i\000o\000r\000i\000t\000y\000Q\000u\000e\000u\000e\000<\000\040\000T\000\040\000>\000\040\000C\000l\000a\000s\000s\000\040\000T\000e\000m\000p\000l\000a\000t\000e\000\040\000R\000e\000f\000e\000r\000e\000n\000c\000e}{chapter.4}% 74
\BOOKMARK [2][-]{subsection.4.14.1}{\376\377\0004\000.\0001\0004\000.\0001\000\040\000D\000e\000t\000a\000i\000l\000e\000d\000\040\000D\000e\000s\000c\000r\000i\000p\000t\000i\000o\000n}{section.4.14}% 75
\BOOKMARK [2][-]{subsection.4.14.2}{\376\377\0004\000.\0001\0004\000.\0002\000\040\000C\000o\000n\000s\000t\000r\000u\000c\000t\000o\000r\000\040\000\046\000\040\000D\000e\000s\000t\000r\000u\000c\000t\000o\000r\000\040\000D\000o\000c\000u\000m\000e\000n\000t\000a\000t\000i\000o\000n}{section.4.14}% 76
\BOOKMARK [3][-]{subsubsection.4.14.2.1}{\376\377\0004\000.\0001\0004\000.\0002\000.\0001\000\040\000P\000a\000r\000t\000i\000a\000l\000P\000r\000i\000o\000r\000i\000t\000y\000Q\000u\000e\000u\000e\000\050\000\051}{subsection.4.14.2}% 77
\BOOKMARK [2][-]{subsection.4.14.3}{\376\377\0004\000.\0001\0004\000.\0003\000\040\000M\000e\000m\000b\000e\000r\000\040\000F\000u\000n\000c\000t\000i\000o\000n\000\040\000D\000o\000c\000u\000m\000e\000n\000t\000a\000t\000i\000o\000n}{section.4.14}% 78
\BOOKMARK [3][-]{subsubsection.4.14.3.1}{\376\377\0004\000.\0001\0004\000.\0003\000.\0001\000\040\000e\000m\000p\000t\000y\000\050\000\051}{subsection.4.14.3}% 79
\BOOKMARK [3][-]{subsubsection.4.14.3.2}{\376\377\0004\000.\0001\0004\000.\0003\000.\0002\000\040\000g\000e\000t\000P\000e\000a\000k\000\050\000\051}{subsection.4.14.3}% 80
\BOOKMARK [3][-]{subsubsection.4.14.3.3}{\376\377\0004\000.\0001\0004\000.\0003\000.\0003\000\040\000i\000n\000s\000e\000r\000t\000P\000o\000p\000\050\000\051}{subsection.4.14.3}% 81
\BOOKMARK [3][-]{subsubsection.4.14.3.4}{\376\377\0004\000.\0001\0004\000.\0003\000.\0004\000\040\000i\000n\000s\000e\000r\000t\000P\000u\000s\000h\000\050\000\051}{subsection.4.14.3}% 82
\BOOKMARK [3][-]{subsubsection.4.14.3.5}{\376\377\0004\000.\0001\0004\000.\0003\000.\0005\000\040\000r\000e\000m\000o\000v\000e\000P\000o\000p\000\050\000\051}{subsection.4.14.3}% 83
\BOOKMARK [3][-]{subsubsection.4.14.3.6}{\376\377\0004\000.\0001\0004\000.\0003\000.\0006\000\040\000r\000e\000m\000o\000v\000e\000P\000u\000s\000h\000\050\000\051}{subsection.4.14.3}% 84
\BOOKMARK [1][-]{section.4.15}{\376\377\0004\000.\0001\0005\000\040\000B\000r\000u\000t\000e\000:\000:\000P\000a\000r\000t\000i\000a\000l\000Q\000u\000e\000u\000e\000<\000\040\000T\000\040\000>\000\040\000C\000l\000a\000s\000s\000\040\000T\000e\000m\000p\000l\000a\000t\000e\000\040\000R\000e\000f\000e\000r\000e\000n\000c\000e}{chapter.4}% 85
\BOOKMARK [1][-]{section.4.16}{\376\377\0004\000.\0001\0006\000\040\000R\000e\000t\000r\000o\000a\000c\000t\000i\000v\000i\000t\000y\000:\000:\000P\000a\000r\000t\000i\000a\000l\000Q\000u\000e\000u\000e\000<\000\040\000T\000\040\000>\000\040\000C\000l\000a\000s\000s\000\040\000T\000e\000m\000p\000l\000a\000t\000e\000\040\000R\000e\000f\000e\000r\000e\000n\000c\000e}{chapter.4}% 86
\BOOKMARK [2][-]{subsection.4.16.1}{\376\377\0004\000.\0001\0006\000.\0001\000\040\000D\000e\000t\000a\000i\000l\000e\000d\000\040\000D\000e\000s\000c\000r\000i\000p\000t\000i\000o\000n}{section.4.16}% 87
\BOOKMARK [2][-]{subsection.4.16.2}{\376\377\0004\000.\0001\0006\000.\0002\000\040\000M\000e\000m\000b\000e\000r\000\040\000F\000u\000n\000c\000t\000i\000o\000n\000\040\000D\000o\000c\000u\000m\000e\000n\000t\000a\000t\000i\000o\000n}{section.4.16}% 88
\BOOKMARK [3][-]{subsubsection.4.16.2.1}{\376\377\0004\000.\0001\0006\000.\0002\000.\0001\000\040\000b\000a\000c\000k\000\050\000\051}{subsection.4.16.2}% 89
\BOOKMARK [3][-]{subsubsection.4.16.2.2}{\376\377\0004\000.\0001\0006\000.\0002\000.\0002\000\040\000D\000e\000l\000e\000t\000e\000D\000e\000q\000u\000e\000u\000e\000\050\000\051}{subsection.4.16.2}% 90
\BOOKMARK [3][-]{subsubsection.4.16.2.3}{\376\377\0004\000.\0001\0006\000.\0002\000.\0003\000\040\000D\000e\000l\000e\000t\000e\000E\000n\000q\000u\000e\000u\000e\000\050\000\051}{subsection.4.16.2}% 91
\BOOKMARK [3][-]{subsubsection.4.16.2.4}{\376\377\0004\000.\0001\0006\000.\0002\000.\0004\000\040\000f\000r\000o\000n\000t\000\050\000\051}{subsection.4.16.2}% 92
\BOOKMARK [3][-]{subsubsection.4.16.2.5}{\376\377\0004\000.\0001\0006\000.\0002\000.\0005\000\040\000I\000n\000s\000e\000r\000t\000D\000e\000q\000u\000e\000u\000e\000\050\000\051}{subsection.4.16.2}% 93
\BOOKMARK [3][-]{subsubsection.4.16.2.6}{\376\377\0004\000.\0001\0006\000.\0002\000.\0006\000\040\000I\000n\000s\000e\000r\000t\000E\000n\000q\000u\000e\000u\000e\000\050\000\051}{subsection.4.16.2}% 94
\BOOKMARK [1][-]{section.4.17}{\376\377\0004\000.\0001\0007\000\040\000B\000r\000u\000t\000e\000:\000:\000P\000a\000r\000t\000i\000a\000l\000S\000t\000a\000c\000k\000<\000\040\000T\000\040\000>\000\040\000C\000l\000a\000s\000s\000\040\000T\000e\000m\000p\000l\000a\000t\000e\000\040\000R\000e\000f\000e\000r\000e\000n\000c\000e}{chapter.4}% 95
\BOOKMARK [1][-]{section.4.18}{\376\377\0004\000.\0001\0008\000\040\000R\000e\000t\000r\000o\000a\000c\000t\000i\000v\000i\000t\000y\000:\000:\000P\000a\000r\000t\000i\000a\000l\000S\000t\000a\000c\000k\000<\000\040\000T\000\040\000>\000\040\000C\000l\000a\000s\000s\000\040\000T\000e\000m\000p\000l\000a\000t\000e\000\040\000R\000e\000f\000e\000r\000e\000n\000c\000e}{chapter.4}% 96
\BOOKMARK [2][-]{subsection.4.18.1}{\376\377\0004\000.\0001\0008\000.\0001\000\040\000D\000e\000t\000a\000i\000l\000e\000d\000\040\000D\000e\000s\000c\000r\000i\000p\000t\000i\000o\000n}{section.4.18}% 97
\BOOKMARK [2][-]{subsection.4.18.2}{\376\377\0004\000.\0001\0008\000.\0002\000\040\000M\000e\000m\000b\000e\000r\000\040\000F\000u\000n\000c\000t\000i\000o\000n\000\040\000D\000o\000c\000u\000m\000e\000n\000t\000a\000t\000i\000o\000n}{section.4.18}% 98
\BOOKMARK [3][-]{subsubsection.4.18.2.1}{\376\377\0004\000.\0001\0008\000.\0002\000.\0001\000\040\000D\000e\000l\000e\000t\000e\000P\000o\000p\000\050\000\051}{subsection.4.18.2}% 99
\BOOKMARK [3][-]{subsubsection.4.18.2.2}{\376\377\0004\000.\0001\0008\000.\0002\000.\0002\000\040\000D\000e\000l\000e\000t\000e\000P\000u\000s\000h\000\050\000\051}{subsection.4.18.2}% 100
\BOOKMARK [3][-]{subsubsection.4.18.2.3}{\376\377\0004\000.\0001\0008\000.\0002\000.\0003\000\040\000g\000e\000t\000S\000i\000z\000e\000\050\000\051}{subsection.4.18.2}% 101
\BOOKMARK [3][-]{subsubsection.4.18.2.4}{\376\377\0004\000.\0001\0008\000.\0002\000.\0004\000\040\000I\000n\000s\000e\000r\000t\000P\000o\000p\000\050\000\051}{subsection.4.18.2}% 102
\BOOKMARK [3][-]{subsubsection.4.18.2.5}{\376\377\0004\000.\0001\0008\000.\0002\000.\0005\000\040\000I\000n\000s\000e\000r\000t\000P\000u\000s\000h\000\050\000\051}{subsection.4.18.2}% 103
\BOOKMARK [3][-]{subsubsection.4.18.2.6}{\376\377\0004\000.\0001\0008\000.\0002\000.\0006\000\040\000p\000e\000a\000k\000\050\000\051}{subsection.4.18.2}% 104
\BOOKMARK [1][-]{section.4.19}{\376\377\0004\000.\0001\0009\000\040\000R\000e\000t\000r\000o\000a\000c\000t\000i\000v\000i\000t\000y\000:\000:\000P\000o\000l\000y\000l\000o\000g\000a\000r\000i\000t\000h\000m\000P\000r\000i\000o\000r\000i\000t\000y\000Q\000u\000e\000u\000e\000<\000\040\000T\000\040\000>\000\040\000C\000l\000a\000s\000s\000\040\000T\000e\000m\000p\000l\000a\000t\000e\000\040\000R\000e\000f\000e\000r\000e\000n\000c\000e}{chapter.4}% 105
\BOOKMARK [2][-]{subsection.4.19.1}{\376\377\0004\000.\0001\0009\000.\0001\000\040\000D\000e\000t\000a\000i\000l\000e\000d\000\040\000D\000e\000s\000c\000r\000i\000p\000t\000i\000o\000n}{section.4.19}% 106
\BOOKMARK [2][-]{subsection.4.19.2}{\376\377\0004\000.\0001\0009\000.\0002\000\040\000C\000o\000n\000s\000t\000r\000u\000c\000t\000o\000r\000\040\000\046\000\040\000D\000e\000s\000t\000r\000u\000c\000t\000o\000r\000\040\000D\000o\000c\000u\000m\000e\000n\000t\000a\000t\000i\000o\000n}{section.4.19}% 107
\BOOKMARK [3][-]{subsubsection.4.19.2.1}{\376\377\0004\000.\0001\0009\000.\0002\000.\0001\000\040\000P\000o\000l\000y\000l\000o\000g\000a\000r\000i\000t\000h\000m\000P\000r\000i\000o\000r\000i\000t\000y\000Q\000u\000e\000u\000e\000\050\000\051}{subsection.4.19.2}% 108
\BOOKMARK [2][-]{subsection.4.19.3}{\376\377\0004\000.\0001\0009\000.\0003\000\040\000M\000e\000m\000b\000e\000r\000\040\000F\000u\000n\000c\000t\000i\000o\000n\000\040\000D\000o\000c\000u\000m\000e\000n\000t\000a\000t\000i\000o\000n}{section.4.19}% 109
\BOOKMARK [3][-]{subsubsection.4.19.3.1}{\376\377\0004\000.\0001\0009\000.\0003\000.\0001\000\040\000a\000d\000d\000P\000o\000p\000\050\000\051}{subsection.4.19.3}% 110
\BOOKMARK [3][-]{subsubsection.4.19.3.2}{\376\377\0004\000.\0001\0009\000.\0003\000.\0002\000\040\000a\000d\000d\000P\000u\000s\000h\000\050\000\051}{subsection.4.19.3}% 111
\BOOKMARK [3][-]{subsubsection.4.19.3.3}{\376\377\0004\000.\0001\0009\000.\0003\000.\0003\000\040\000F\000u\000s\000e\000\050\000\051}{subsection.4.19.3}% 112
\BOOKMARK [3][-]{subsubsection.4.19.3.4}{\376\377\0004\000.\0001\0009\000.\0003\000.\0004\000\040\000g\000e\000t\000M\000i\000n\000i\000m\000u\000m\000K\000e\000y\000\050\000\051}{subsection.4.19.3}% 113
\BOOKMARK [3][-]{subsubsection.4.19.3.5}{\376\377\0004\000.\0001\0009\000.\0003\000.\0005\000\040\000g\000e\000t\000N\000o\000d\000e\000s\000\050\000\051}{subsection.4.19.3}% 114
\BOOKMARK [3][-]{subsubsection.4.19.3.6}{\376\377\0004\000.\0001\0009\000.\0003\000.\0006\000\040\000g\000e\000t\000P\000e\000a\000k\000\050\000\051}{subsection.4.19.3}% 115
\BOOKMARK [3][-]{subsubsection.4.19.3.7}{\376\377\0004\000.\0001\0009\000.\0003\000.\0007\000\040\000g\000e\000t\000Q\000t\000d\000G\000E\000\050\000\051}{subsection.4.19.3}% 116
\BOOKMARK [3][-]{subsubsection.4.19.3.8}{\376\377\0004\000.\0001\0009\000.\0003\000.\0008\000\040\000g\000e\000t\000Q\000u\000e\000r\000y\000N\000o\000d\000e\000S\000i\000z\000e\000\050\000\051}{subsection.4.19.3}% 117
\BOOKMARK [3][-]{subsubsection.4.19.3.9}{\376\377\0004\000.\0001\0009\000.\0003\000.\0009\000\040\000g\000e\000t\000S\000p\000l\000i\000t\000e\000d\000T\000r\000e\000e\000s\000\050\000\051}{subsection.4.19.3}% 118
\BOOKMARK [3][-]{subsubsection.4.19.3.10}{\376\377\0004\000.\0001\0009\000.\0003\000.\0001\0000\000\040\000g\000e\000t\000S\000p\000l\000i\000t\000K\000e\000y\000\050\000\051}{subsection.4.19.3}% 119
\BOOKMARK [3][-]{subsubsection.4.19.3.11}{\376\377\0004\000.\0001\0009\000.\0003\000.\0001\0001\000\040\000g\000e\000t\000V\000i\000e\000w\000\050\000\051}{subsection.4.19.3}% 120
\BOOKMARK [3][-]{subsubsection.4.19.3.12}{\376\377\0004\000.\0001\0009\000.\0003\000.\0001\0002\000\040\000i\000n\000s\000e\000r\000t\000P\000o\000p\000\050\000\051}{subsection.4.19.3}% 121
\BOOKMARK [3][-]{subsubsection.4.19.3.13}{\376\377\0004\000.\0001\0009\000.\0003\000.\0001\0003\000\040\000i\000n\000s\000e\000r\000t\000P\000u\000s\000h\000\050\000\051}{subsection.4.19.3}% 122
\BOOKMARK [3][-]{subsubsection.4.19.3.14}{\376\377\0004\000.\0001\0009\000.\0003\000.\0001\0004\000\040\000q\000u\000e\000r\000y\000\050\000\051}{subsection.4.19.3}% 123
\BOOKMARK [3][-]{subsubsection.4.19.3.15}{\376\377\0004\000.\0001\0009\000.\0003\000.\0001\0005\000\040\000r\000e\000m\000o\000v\000e\000P\000o\000p\000\050\000\051}{subsection.4.19.3}% 124
\BOOKMARK [3][-]{subsubsection.4.19.3.16}{\376\377\0004\000.\0001\0009\000.\0003\000.\0001\0006\000\040\000r\000e\000m\000o\000v\000e\000P\000u\000s\000h\000\050\000\051}{subsection.4.19.3}% 125
\BOOKMARK [1][-]{section.4.20}{\376\377\0004\000.\0002\0000\000\040\000R\000e\000t\000r\000o\000a\000c\000t\000i\000v\000i\000t\000y\000:\000:\000P\000o\000l\000y\000l\000o\000g\000a\000r\000i\000t\000h\000m\000P\000r\000i\000o\000r\000i\000t\000y\000Q\000u\000e\000u\000e\000<\000\040\000T\000\040\000>\000:\000:\000Q\000u\000e\000r\000y\000N\000o\000d\000e\000<\000\040\000T\000\040\000>\000\040\000C\000l\000a\000s\000s\000\040\000T\000e\000m\000p\000l\000a\000t\000e\000\040\000R\000e\000f\000e\000r\000e\000n\000c\000e}{chapter.4}% 126
\BOOKMARK [0][-]{section*.46}{\376\377\000I\000n\000d\000e\000x}{}% 127
